<?xml version="1.0" encoding="UTF-8"?>
<!-- Generated by org.testng.reporters.JUnitReportReporter -->
<testsuite hostname="GokulRaj" failures="0" tests="2" name="selenium_Demo.practise.Login" time="9.306" errors="0" timestamp="17 Mar 2020 14:41:27 GMT" skipped="0">
  <testcase classname="selenium_Demo.practise.Login" name="login" time="4.849"/>
  <testcase classname="selenium_Demo.practise.Login" name="login" time="4.457"/>
</testsuite> <!-- selenium_Demo.practise.Login -->
