<?xml version="1.0" encoding="UTF-8"?>
<!-- Generated by org.testng.reporters.JUnitReportReporter -->
<testsuite hostname="GokulRaj" failures="0" tests="1" name="selenium_Demo.practise.RegisLogin" time="7.766" errors="0" timestamp="17 Mar 2020 14:41:27 GMT" skipped="0">
  <testcase classname="selenium_Demo.practise.RegisLogin" name="registration" time="7.766"/>
</testsuite> <!-- selenium_Demo.practise.RegisLogin -->
